[0.084s] DEBUG:colcon:Command line arguments: ['/usr/bin/colcon', 'build']
[0.084s] DEBUG:colcon:Parsed command line arguments: Namespace(log_base=None, log_level=None, verb_name='build', build_base='build', install_base='install', merge_install=False, symlink_install=False, test_result_base=None, continue_on_error=False, executor='parallel', parallel_workers=16, event_handlers=None, ignore_user_meta=False, metas=['./colcon.meta'], base_paths=['.'], packages_ignore=None, packages_ignore_regex=None, paths=None, packages_up_to=None, packages_up_to_regex=None, packages_above=None, packages_above_and_dependencies=None, packages_above_depth=None, packages_select_by_dep=None, packages_skip_by_dep=None, packages_skip_up_to=None, packages_select_build_failed=False, packages_skip_build_finished=False, packages_select_test_failures=False, packages_skip_test_passed=False, packages_select=None, packages_skip=None, packages_select_regex=None, packages_skip_regex=None, packages_start=None, packages_end=None, allow_overriding=[], cmake_args=None, cmake_target=None, cmake_target_skip_unavailable=False, cmake_clean_cache=False, cmake_clean_first=False, cmake_force_configure=False, ament_cmake_args=None, catkin_cmake_args=None, catkin_skip_building_tests=False, mixin_files=None, mixin=None, verb_parser=<colcon_mixin.mixin.mixin_argument.MixinArgumentDecorator object at 0x718b194190f0>, verb_extension=<colcon_core.verb.build.BuildVerb object at 0x718b19418b80>, main=<bound method BuildVerb.main of <colcon_core.verb.build.BuildVerb object at 0x718b19418b80>>, mixin_verb=('build',))
[0.215s] Level 1:colcon.colcon_core.package_discovery:discover_packages(colcon_meta) check parameters
[0.215s] Level 1:colcon.colcon_core.package_discovery:discover_packages(recursive) check parameters
[0.215s] Level 1:colcon.colcon_core.package_discovery:discover_packages(ignore) check parameters
[0.215s] Level 1:colcon.colcon_core.package_discovery:discover_packages(path) check parameters
[0.215s] Level 1:colcon.colcon_core.package_discovery:discover_packages(colcon_meta) discover
[0.215s] Level 1:colcon.colcon_core.package_discovery:discover_packages(recursive) discover
[0.215s] INFO:colcon.colcon_core.package_discovery:Crawling recursively for packages in '/home/hello-robot/ament_ws/src/stretch_web_teleop'
[0.215s] Level 1:colcon.colcon_core.package_identification:_identify(.) by extensions ['ignore', 'ignore_ament_install']
[0.216s] Level 1:colcon.colcon_core.package_identification:_identify(.) by extension 'ignore'
[0.216s] Level 1:colcon.colcon_core.package_identification:_identify(.) by extension 'ignore_ament_install'
[0.216s] Level 1:colcon.colcon_core.package_identification:_identify(.) by extensions ['colcon_pkg']
[0.216s] Level 1:colcon.colcon_core.package_identification:_identify(.) by extension 'colcon_pkg'
[0.216s] Level 1:colcon.colcon_core.package_identification:_identify(.) by extensions ['colcon_meta']
[0.216s] Level 1:colcon.colcon_core.package_identification:_identify(.) by extension 'colcon_meta'
[0.216s] Level 1:colcon.colcon_core.package_identification:_identify(.) by extensions ['ros']
[0.216s] Level 1:colcon.colcon_core.package_identification:_identify(.) by extension 'ros'
[0.224s] DEBUG:colcon.colcon_core.package_identification:Package '.' with type 'ros.ament_cmake' and name 'stretch_web_teleop'
[0.224s] Level 1:colcon.colcon_core.package_discovery:discover_packages(recursive) using defaults
[0.224s] Level 1:colcon.colcon_core.package_discovery:discover_packages(ignore) discover
[0.224s] Level 1:colcon.colcon_core.package_discovery:discover_packages(ignore) using defaults
[0.224s] Level 1:colcon.colcon_core.package_discovery:discover_packages(path) discover
[0.224s] Level 1:colcon.colcon_core.package_discovery:discover_packages(path) using defaults
[0.235s] Level 1:colcon.colcon_core.package_discovery:discover_packages(prefix_path) check parameters
[0.235s] Level 1:colcon.colcon_core.package_discovery:discover_packages(prefix_path) discover
[0.237s] DEBUG:colcon.colcon_installed_package_information.package_discovery:Found 33 installed packages in /home/hello-robot/ament_ws/install
[0.238s] DEBUG:colcon.colcon_installed_package_information.package_discovery:Found 387 installed packages in /opt/ros/humble
[0.239s] Level 1:colcon.colcon_core.package_discovery:discover_packages(prefix_path) using defaults
[0.264s] Level 5:colcon.colcon_core.verb:set package 'stretch_web_teleop' build argument 'cmake_args' from command line to 'None'
[0.264s] Level 5:colcon.colcon_core.verb:set package 'stretch_web_teleop' build argument 'cmake_target' from command line to 'None'
[0.264s] Level 5:colcon.colcon_core.verb:set package 'stretch_web_teleop' build argument 'cmake_target_skip_unavailable' from command line to 'False'
[0.264s] Level 5:colcon.colcon_core.verb:set package 'stretch_web_teleop' build argument 'cmake_clean_cache' from command line to 'False'
[0.264s] Level 5:colcon.colcon_core.verb:set package 'stretch_web_teleop' build argument 'cmake_clean_first' from command line to 'False'
[0.264s] Level 5:colcon.colcon_core.verb:set package 'stretch_web_teleop' build argument 'cmake_force_configure' from command line to 'False'
[0.264s] Level 5:colcon.colcon_core.verb:set package 'stretch_web_teleop' build argument 'ament_cmake_args' from command line to 'None'
[0.264s] Level 5:colcon.colcon_core.verb:set package 'stretch_web_teleop' build argument 'catkin_cmake_args' from command line to 'None'
[0.264s] Level 5:colcon.colcon_core.verb:set package 'stretch_web_teleop' build argument 'catkin_skip_building_tests' from command line to 'False'
[0.264s] DEBUG:colcon.colcon_core.verb:Building package 'stretch_web_teleop' with the following arguments: {'ament_cmake_args': None, 'build_base': '/home/hello-robot/ament_ws/src/stretch_web_teleop/build/stretch_web_teleop', 'catkin_cmake_args': None, 'catkin_skip_building_tests': False, 'cmake_args': None, 'cmake_clean_cache': False, 'cmake_clean_first': False, 'cmake_force_configure': False, 'cmake_target': None, 'cmake_target_skip_unavailable': False, 'install_base': '/home/hello-robot/ament_ws/src/stretch_web_teleop/install/stretch_web_teleop', 'merge_install': False, 'path': '/home/hello-robot/ament_ws/src/stretch_web_teleop', 'symlink_install': False, 'test_result_base': None}
[0.264s] INFO:colcon.colcon_core.executor:Executing jobs using 'parallel' executor
[0.264s] DEBUG:colcon.colcon_parallel_executor.executor.parallel:run_until_complete
[0.265s] INFO:colcon.colcon_ros.task.ament_cmake.build:Building ROS package in '/home/hello-robot/ament_ws/src/stretch_web_teleop' with build type 'ament_cmake'
[0.265s] INFO:colcon.colcon_cmake.task.cmake.build:Building CMake package in '/home/hello-robot/ament_ws/src/stretch_web_teleop'
[0.266s] INFO:colcon.colcon_core.plugin_system:Skipping extension 'colcon_core.shell.bat': Not used on non-Windows systems
[0.266s] INFO:colcon.colcon_core.shell:Skip shell extension 'powershell' for command environment: Not usable outside of PowerShell
[0.266s] DEBUG:colcon.colcon_core.shell:Skip shell extension 'dsv' for command environment
[0.272s] DEBUG:colcon.colcon_core.event_handler.log_command:Invoking command in '/home/hello-robot/ament_ws/src/stretch_web_teleop/build/stretch_web_teleop': CMAKE_PREFIX_PATH=${CMAKE_PREFIX_PATH}:/home/hello-robot/ament_ws/install/tf2_web_republisher_py:/home/hello-robot/ament_ws/install/stretch_ros_tutorials:/home/hello-robot/ament_ws/install/stretch_funmap:/home/hello-robot/ament_ws/install/stretch_calibration:/home/hello-robot/ament_ws/install/stretch_demos:/home/hello-robot/ament_ws/install/stretch_deep_perception:/home/hello-robot/ament_ws/install/stretch_core:/home/hello-robot/ament_ws/install/respeaker_ros2:/home/hello-robot/ament_ws/install/hello_helpers:/opt/ros/humble /usr/bin/cmake /home/hello-robot/ament_ws/src/stretch_web_teleop -DCMAKE_INSTALL_PREFIX=/home/hello-robot/ament_ws/src/stretch_web_teleop/install/stretch_web_teleop
[0.782s] DEBUG:colcon.colcon_core.event_handler.log_command:Invoked command in '/home/hello-robot/ament_ws/src/stretch_web_teleop/build/stretch_web_teleop' returned '0': CMAKE_PREFIX_PATH=${CMAKE_PREFIX_PATH}:/home/hello-robot/ament_ws/install/tf2_web_republisher_py:/home/hello-robot/ament_ws/install/stretch_ros_tutorials:/home/hello-robot/ament_ws/install/stretch_funmap:/home/hello-robot/ament_ws/install/stretch_calibration:/home/hello-robot/ament_ws/install/stretch_demos:/home/hello-robot/ament_ws/install/stretch_deep_perception:/home/hello-robot/ament_ws/install/stretch_core:/home/hello-robot/ament_ws/install/respeaker_ros2:/home/hello-robot/ament_ws/install/hello_helpers:/opt/ros/humble /usr/bin/cmake /home/hello-robot/ament_ws/src/stretch_web_teleop -DCMAKE_INSTALL_PREFIX=/home/hello-robot/ament_ws/src/stretch_web_teleop/install/stretch_web_teleop
[0.782s] DEBUG:colcon.colcon_core.event_handler.log_command:Invoking command in '/home/hello-robot/ament_ws/src/stretch_web_teleop/build/stretch_web_teleop': CMAKE_PREFIX_PATH=${CMAKE_PREFIX_PATH}:/home/hello-robot/ament_ws/install/tf2_web_republisher_py:/home/hello-robot/ament_ws/install/stretch_ros_tutorials:/home/hello-robot/ament_ws/install/stretch_funmap:/home/hello-robot/ament_ws/install/stretch_calibration:/home/hello-robot/ament_ws/install/stretch_demos:/home/hello-robot/ament_ws/install/stretch_deep_perception:/home/hello-robot/ament_ws/install/stretch_core:/home/hello-robot/ament_ws/install/respeaker_ros2:/home/hello-robot/ament_ws/install/hello_helpers:/opt/ros/humble /usr/bin/cmake --build /home/hello-robot/ament_ws/src/stretch_web_teleop/build/stretch_web_teleop -- -j16 -l16
[0.811s] DEBUG:colcon.colcon_core.event_handler.log_command:Invoked command in '/home/hello-robot/ament_ws/src/stretch_web_teleop/build/stretch_web_teleop' returned '0': CMAKE_PREFIX_PATH=${CMAKE_PREFIX_PATH}:/home/hello-robot/ament_ws/install/tf2_web_republisher_py:/home/hello-robot/ament_ws/install/stretch_ros_tutorials:/home/hello-robot/ament_ws/install/stretch_funmap:/home/hello-robot/ament_ws/install/stretch_calibration:/home/hello-robot/ament_ws/install/stretch_demos:/home/hello-robot/ament_ws/install/stretch_deep_perception:/home/hello-robot/ament_ws/install/stretch_core:/home/hello-robot/ament_ws/install/respeaker_ros2:/home/hello-robot/ament_ws/install/hello_helpers:/opt/ros/humble /usr/bin/cmake --build /home/hello-robot/ament_ws/src/stretch_web_teleop/build/stretch_web_teleop -- -j16 -l16
[0.834s] DEBUG:colcon.colcon_core.event_handler.log_command:Invoking command in '/home/hello-robot/ament_ws/src/stretch_web_teleop/build/stretch_web_teleop': CMAKE_PREFIX_PATH=${CMAKE_PREFIX_PATH}:/home/hello-robot/ament_ws/install/tf2_web_republisher_py:/home/hello-robot/ament_ws/install/stretch_ros_tutorials:/home/hello-robot/ament_ws/install/stretch_funmap:/home/hello-robot/ament_ws/install/stretch_calibration:/home/hello-robot/ament_ws/install/stretch_demos:/home/hello-robot/ament_ws/install/stretch_deep_perception:/home/hello-robot/ament_ws/install/stretch_core:/home/hello-robot/ament_ws/install/respeaker_ros2:/home/hello-robot/ament_ws/install/hello_helpers:/opt/ros/humble /usr/bin/cmake --install /home/hello-robot/ament_ws/src/stretch_web_teleop/build/stretch_web_teleop
[0.842s] Level 1:colcon.colcon_core.environment:create_environment_scripts_only(stretch_web_teleop)
[0.843s] DEBUG:colcon.colcon_core.event_handler.log_command:Invoked command in '/home/hello-robot/ament_ws/src/stretch_web_teleop/build/stretch_web_teleop' returned '0': CMAKE_PREFIX_PATH=${CMAKE_PREFIX_PATH}:/home/hello-robot/ament_ws/install/tf2_web_republisher_py:/home/hello-robot/ament_ws/install/stretch_ros_tutorials:/home/hello-robot/ament_ws/install/stretch_funmap:/home/hello-robot/ament_ws/install/stretch_calibration:/home/hello-robot/ament_ws/install/stretch_demos:/home/hello-robot/ament_ws/install/stretch_deep_perception:/home/hello-robot/ament_ws/install/stretch_core:/home/hello-robot/ament_ws/install/respeaker_ros2:/home/hello-robot/ament_ws/install/hello_helpers:/opt/ros/humble /usr/bin/cmake --install /home/hello-robot/ament_ws/src/stretch_web_teleop/build/stretch_web_teleop
[0.844s] Level 1:colcon.colcon_core.environment:checking '/home/hello-robot/ament_ws/src/stretch_web_teleop/install/stretch_web_teleop' for CMake module files
[0.844s] Level 1:colcon.colcon_core.environment:checking '/home/hello-robot/ament_ws/src/stretch_web_teleop/install/stretch_web_teleop' for CMake config files
[0.845s] Level 1:colcon.colcon_core.shell:create_environment_hook('stretch_web_teleop', 'cmake_prefix_path')
[0.845s] INFO:colcon.colcon_core.shell:Creating environment hook '/home/hello-robot/ament_ws/src/stretch_web_teleop/install/stretch_web_teleop/share/stretch_web_teleop/hook/cmake_prefix_path.ps1'
[0.845s] INFO:colcon.colcon_core.shell:Creating environment descriptor '/home/hello-robot/ament_ws/src/stretch_web_teleop/install/stretch_web_teleop/share/stretch_web_teleop/hook/cmake_prefix_path.dsv'
[0.845s] INFO:colcon.colcon_core.shell:Creating environment hook '/home/hello-robot/ament_ws/src/stretch_web_teleop/install/stretch_web_teleop/share/stretch_web_teleop/hook/cmake_prefix_path.sh'
[0.846s] Level 1:colcon.colcon_core.environment:checking '/home/hello-robot/ament_ws/src/stretch_web_teleop/install/stretch_web_teleop/lib'
[0.846s] Level 1:colcon.colcon_core.environment:checking '/home/hello-robot/ament_ws/src/stretch_web_teleop/install/stretch_web_teleop/bin'
[0.846s] Level 1:colcon.colcon_core.environment:checking '/home/hello-robot/ament_ws/src/stretch_web_teleop/install/stretch_web_teleop/lib/pkgconfig/stretch_web_teleop.pc'
[0.846s] Level 1:colcon.colcon_core.environment:checking '/home/hello-robot/ament_ws/src/stretch_web_teleop/install/stretch_web_teleop/lib/python3.10/site-packages'
[0.847s] Level 1:colcon.colcon_core.environment:checking '/home/hello-robot/ament_ws/src/stretch_web_teleop/install/stretch_web_teleop/bin'
[0.847s] INFO:colcon.colcon_core.shell:Creating package script '/home/hello-robot/ament_ws/src/stretch_web_teleop/install/stretch_web_teleop/share/stretch_web_teleop/package.ps1'
[0.847s] INFO:colcon.colcon_core.shell:Creating package descriptor '/home/hello-robot/ament_ws/src/stretch_web_teleop/install/stretch_web_teleop/share/stretch_web_teleop/package.dsv'
[0.847s] INFO:colcon.colcon_core.shell:Creating package script '/home/hello-robot/ament_ws/src/stretch_web_teleop/install/stretch_web_teleop/share/stretch_web_teleop/package.sh'
[0.848s] INFO:colcon.colcon_core.shell:Creating package script '/home/hello-robot/ament_ws/src/stretch_web_teleop/install/stretch_web_teleop/share/stretch_web_teleop/package.bash'
[0.848s] INFO:colcon.colcon_core.shell:Creating package script '/home/hello-robot/ament_ws/src/stretch_web_teleop/install/stretch_web_teleop/share/stretch_web_teleop/package.zsh'
[0.848s] Level 1:colcon.colcon_core.environment:create_file_with_runtime_dependencies(/home/hello-robot/ament_ws/src/stretch_web_teleop/install/stretch_web_teleop/share/colcon-core/packages/stretch_web_teleop)
[0.864s] Level 1:colcon.colcon_core.environment:create_environment_scripts_only(stretch_web_teleop)
[0.864s] Level 1:colcon.colcon_core.environment:checking '/home/hello-robot/ament_ws/src/stretch_web_teleop/install/stretch_web_teleop' for CMake module files
[0.865s] Level 1:colcon.colcon_core.environment:checking '/home/hello-robot/ament_ws/src/stretch_web_teleop/install/stretch_web_teleop' for CMake config files
[0.865s] Level 1:colcon.colcon_core.shell:create_environment_hook('stretch_web_teleop', 'cmake_prefix_path')
[0.865s] INFO:colcon.colcon_core.shell:Creating environment hook '/home/hello-robot/ament_ws/src/stretch_web_teleop/install/stretch_web_teleop/share/stretch_web_teleop/hook/cmake_prefix_path.ps1'
[0.865s] INFO:colcon.colcon_core.shell:Creating environment descriptor '/home/hello-robot/ament_ws/src/stretch_web_teleop/install/stretch_web_teleop/share/stretch_web_teleop/hook/cmake_prefix_path.dsv'
[0.866s] INFO:colcon.colcon_core.shell:Creating environment hook '/home/hello-robot/ament_ws/src/stretch_web_teleop/install/stretch_web_teleop/share/stretch_web_teleop/hook/cmake_prefix_path.sh'
[0.867s] Level 1:colcon.colcon_core.environment:checking '/home/hello-robot/ament_ws/src/stretch_web_teleop/install/stretch_web_teleop/lib'
[0.867s] Level 1:colcon.colcon_core.environment:checking '/home/hello-robot/ament_ws/src/stretch_web_teleop/install/stretch_web_teleop/bin'
[0.867s] Level 1:colcon.colcon_core.environment:checking '/home/hello-robot/ament_ws/src/stretch_web_teleop/install/stretch_web_teleop/lib/pkgconfig/stretch_web_teleop.pc'
[0.867s] Level 1:colcon.colcon_core.environment:checking '/home/hello-robot/ament_ws/src/stretch_web_teleop/install/stretch_web_teleop/lib/python3.10/site-packages'
[0.867s] Level 1:colcon.colcon_core.environment:checking '/home/hello-robot/ament_ws/src/stretch_web_teleop/install/stretch_web_teleop/bin'
[0.867s] INFO:colcon.colcon_core.shell:Creating package script '/home/hello-robot/ament_ws/src/stretch_web_teleop/install/stretch_web_teleop/share/stretch_web_teleop/package.ps1'
[0.868s] INFO:colcon.colcon_core.shell:Creating package descriptor '/home/hello-robot/ament_ws/src/stretch_web_teleop/install/stretch_web_teleop/share/stretch_web_teleop/package.dsv'
[0.868s] INFO:colcon.colcon_core.shell:Creating package script '/home/hello-robot/ament_ws/src/stretch_web_teleop/install/stretch_web_teleop/share/stretch_web_teleop/package.sh'
[0.868s] INFO:colcon.colcon_core.shell:Creating package script '/home/hello-robot/ament_ws/src/stretch_web_teleop/install/stretch_web_teleop/share/stretch_web_teleop/package.bash'
[0.868s] INFO:colcon.colcon_core.shell:Creating package script '/home/hello-robot/ament_ws/src/stretch_web_teleop/install/stretch_web_teleop/share/stretch_web_teleop/package.zsh'
[0.868s] Level 1:colcon.colcon_core.environment:create_file_with_runtime_dependencies(/home/hello-robot/ament_ws/src/stretch_web_teleop/install/stretch_web_teleop/share/colcon-core/packages/stretch_web_teleop)
[0.868s] DEBUG:colcon.colcon_parallel_executor.executor.parallel:closing loop
[0.869s] DEBUG:colcon.colcon_parallel_executor.executor.parallel:loop closed
[0.869s] DEBUG:colcon.colcon_parallel_executor.executor.parallel:run_until_complete finished with '0'
[0.869s] DEBUG:colcon.colcon_core.event_reactor:joining thread
[0.873s] INFO:colcon.colcon_core.plugin_system:Skipping extension 'colcon_notification.desktop_notification.terminal_notifier': Not used on non-Darwin systems
[0.873s] INFO:colcon.colcon_core.plugin_system:Skipping extension 'colcon_notification.desktop_notification.win32': Not used on non-Windows systems
[0.873s] INFO:colcon.colcon_notification.desktop_notification:Sending desktop notification using 'notify2'
[0.886s] DEBUG:colcon.colcon_core.event_reactor:joined thread
[0.886s] INFO:colcon.colcon_core.shell:Creating prefix script '/home/hello-robot/ament_ws/src/stretch_web_teleop/install/local_setup.ps1'
[0.887s] INFO:colcon.colcon_core.shell:Creating prefix util module '/home/hello-robot/ament_ws/src/stretch_web_teleop/install/_local_setup_util_ps1.py'
[0.888s] INFO:colcon.colcon_core.shell:Creating prefix chain script '/home/hello-robot/ament_ws/src/stretch_web_teleop/install/setup.ps1'
[0.891s] INFO:colcon.colcon_core.shell:Creating prefix script '/home/hello-robot/ament_ws/src/stretch_web_teleop/install/local_setup.sh'
[0.891s] INFO:colcon.colcon_core.shell:Creating prefix util module '/home/hello-robot/ament_ws/src/stretch_web_teleop/install/_local_setup_util_sh.py'
[0.892s] INFO:colcon.colcon_core.shell:Creating prefix chain script '/home/hello-robot/ament_ws/src/stretch_web_teleop/install/setup.sh'
[0.895s] INFO:colcon.colcon_core.shell:Creating prefix script '/home/hello-robot/ament_ws/src/stretch_web_teleop/install/local_setup.bash'
[0.895s] INFO:colcon.colcon_core.shell:Creating prefix chain script '/home/hello-robot/ament_ws/src/stretch_web_teleop/install/setup.bash'
[0.898s] INFO:colcon.colcon_core.shell:Creating prefix script '/home/hello-robot/ament_ws/src/stretch_web_teleop/install/local_setup.zsh'
[0.898s] INFO:colcon.colcon_core.shell:Creating prefix chain script '/home/hello-robot/ament_ws/src/stretch_web_teleop/install/setup.zsh'
