-- The C compiler identification is GNU 11.4.0
-- The CXX compiler identification is GNU 11.4.0
-- Detecting C compiler ABI info
-- Detecting C compiler ABI info - done
-- Check for working C compiler: /usr/bin/cc - skipped
-- Detecting C compile features
-- Detecting C compile features - done
-- Detecting CXX compiler ABI info
-- Detecting CXX compiler ABI info - done
-- Check for working CXX compiler: /usr/bin/c++ - skipped
-- Detecting CXX compile features
-- Detecting CXX compile features - done
-- Found ament_cmake: 1.3.11 (/opt/ros/humble/share/ament_cmake/cmake)
-- Found Python3: /usr/bin/python3 (found version "3.10.12") found components: Interpreter 
-- Found geometry_msgs: 4.8.0 (/opt/ros/humble/share/geometry_msgs/cmake)
-- Found rosidl_generator_c: 3.1.6 (/opt/ros/humble/share/rosidl_generator_c/cmake)
-- Found rosidl_adapter: 3.1.6 (/opt/ros/humble/share/rosidl_adapter/cmake)
-- Found rosidl_generator_cpp: 3.1.6 (/opt/ros/humble/share/rosidl_generator_cpp/cmake)
-- Using all available rosidl_typesupport_c: rosidl_typesupport_fastrtps_c;rosidl_typesupport_introspection_c
-- Using all available rosidl_typesupport_cpp: rosidl_typesupport_fastrtps_cpp;rosidl_typesupport_introspection_cpp
-- Found rosbridge_server: 1.3.2 (/home/hello-robot/ament_ws/install/rosbridge_server/share/rosbridge_server/cmake)
-- Found rosidl_default_generators: 1.2.0 (/opt/ros/humble/share/rosidl_default_generators/cmake)
-- Found ament_cmake_ros: 0.10.0 (/opt/ros/humble/share/ament_cmake_ros/cmake)
-- Using all available rosidl_typesupport_c: rosidl_typesupport_fastrtps_c;rosidl_typesupport_introspection_c
-- Using all available rosidl_typesupport_cpp: rosidl_typesupport_fastrtps_cpp;rosidl_typesupport_introspection_cpp
-- Found PythonInterp: /usr/bin/python3 (found suitable version "3.10.12", minimum required is "3.6") 
-- Found python_cmake_module: 0.10.0 (/opt/ros/humble/share/python_cmake_module/cmake)
-- Found PythonLibs: /usr/lib/x86_64-linux-gnu/libpython3.10.so (found suitable version "3.10.12", minimum required is "3.5") 
-- Using PYTHON_EXECUTABLE: /usr/bin/python3
-- Using PYTHON_INCLUDE_DIRS: /usr/include/python3.10
-- Using PYTHON_LIBRARIES: /usr/lib/x86_64-linux-gnu/libpython3.10.so
-- Found PythonExtra: .so  
-- Configuring done
-- Generating done
-- Build files have been written to: /home/hello-robot/dev_ws/src/stretch_web_teleop/build/stretch_web_teleop
[  2%] [34m[1mGenerating C code for ROS interfaces[0m
[  5%] [34m[1mGenerating C++ code for ROS interfaces[0m
[  5%] Built target ament_cmake_python_copy_stretch_web_teleop_helpers
[  5%] Built target ament_cmake_python_copy_stretch_web_teleop
running egg_info
running egg_info
creating stretch_web_teleop.egg-info
creating stretch_web_teleop_helpers.egg-info
writing stretch_web_teleop.egg-info/PKG-INFO
writing stretch_web_teleop_helpers.egg-info/PKG-INFO
writing dependency_links to stretch_web_teleop_helpers.egg-info/dependency_links.txt
writing dependency_links to stretch_web_teleop.egg-info/dependency_links.txt
writing top-level names to stretch_web_teleop.egg-info/top_level.txt
writing top-level names to stretch_web_teleop_helpers.egg-info/top_level.txt
writing manifest file 'stretch_web_teleop.egg-info/SOURCES.txt'
writing manifest file 'stretch_web_teleop_helpers.egg-info/SOURCES.txt'
[  7%] [32mBuilding C object CMakeFiles/stretch_web_teleop__rosidl_generator_c.dir/rosidl_generator_c/stretch_web_teleop/action/detail/move_to_pregrasp__functions.c.o[0m
[ 10%] [32mBuilding C object CMakeFiles/stretch_web_teleop__rosidl_generator_c.dir/rosidl_generator_c/stretch_web_teleop/msg/detail/text_to_speech__functions.c.o[0m
[ 10%] Built target stretch_web_teleop__cpp
[ 15%] [34m[1mGenerating C++ type support for eProsima Fast-RTPS[0m
[ 15%] [34m[1mGenerating C++ type support dispatch for ROS interfaces[0m
[ 17%] [34m[1mGenerating C++ introspection for ROS interfaces[0m
[ 20%] [32m[1mLinking C shared library libstretch_web_teleop__rosidl_generator_c.so[0m
[ 20%] Built target stretch_web_teleop__rosidl_generator_c
[ 28%] [34m[1mGenerating C type support dispatch for ROS interfaces[0m
[ 28%] [34m[1mGenerating C type support for eProsima Fast-RTPS[0m
[ 28%] [34m[1mGenerating C introspection for ROS interfaces[0m
[ 30%] [32mBuilding CXX object CMakeFiles/stretch_web_teleop__rosidl_typesupport_introspection_cpp.dir/rosidl_typesupport_introspection_cpp/stretch_web_teleop/action/detail/move_to_pregrasp__type_support.cpp.o[0m
[ 33%] [32mBuilding CXX object CMakeFiles/stretch_web_teleop__rosidl_typesupport_introspection_cpp.dir/rosidl_typesupport_introspection_cpp/stretch_web_teleop/msg/detail/text_to_speech__type_support.cpp.o[0m
[ 35%] [32mBuilding CXX object CMakeFiles/stretch_web_teleop__rosidl_typesupport_cpp.dir/rosidl_typesupport_cpp/stretch_web_teleop/action/move_to_pregrasp__type_support.cpp.o[0m
[ 38%] [32mBuilding CXX object CMakeFiles/stretch_web_teleop__rosidl_typesupport_cpp.dir/rosidl_typesupport_cpp/stretch_web_teleop/msg/text_to_speech__type_support.cpp.o[0m
[ 41%] [32mBuilding CXX object CMakeFiles/stretch_web_teleop__rosidl_typesupport_fastrtps_cpp.dir/rosidl_typesupport_fastrtps_cpp/stretch_web_teleop/msg/detail/dds_fastrtps/text_to_speech__type_support.cpp.o[0m
[ 43%] [32mBuilding CXX object CMakeFiles/stretch_web_teleop__rosidl_typesupport_fastrtps_cpp.dir/rosidl_typesupport_fastrtps_cpp/stretch_web_teleop/action/detail/dds_fastrtps/move_to_pregrasp__type_support.cpp.o[0m
[ 46%] [32mBuilding CXX object CMakeFiles/stretch_web_teleop__rosidl_typesupport_c.dir/rosidl_typesupport_c/stretch_web_teleop/action/move_to_pregrasp__type_support.cpp.o[0m
[ 48%] [32mBuilding CXX object CMakeFiles/stretch_web_teleop__rosidl_typesupport_c.dir/rosidl_typesupport_c/stretch_web_teleop/msg/text_to_speech__type_support.cpp.o[0m
[ 51%] [32m[1mLinking CXX shared library libstretch_web_teleop__rosidl_typesupport_c.so[0m
reading manifest file 'stretch_web_teleop_helpers.egg-info/SOURCES.txt'
reading manifest file 'stretch_web_teleop.egg-info/SOURCES.txt'
writing manifest file 'stretch_web_teleop_helpers.egg-info/SOURCES.txt'
writing manifest file 'stretch_web_teleop.egg-info/SOURCES.txt'
[ 53%] [32mBuilding C object CMakeFiles/stretch_web_teleop__rosidl_typesupport_introspection_c.dir/rosidl_typesupport_introspection_c/stretch_web_teleop/action/detail/move_to_pregrasp__type_support.c.o[0m
[ 56%] [32mBuilding C object CMakeFiles/stretch_web_teleop__rosidl_typesupport_introspection_c.dir/rosidl_typesupport_introspection_c/stretch_web_teleop/msg/detail/text_to_speech__type_support.c.o[0m
[ 56%] Built target stretch_web_teleop__rosidl_typesupport_c
[ 58%] [32m[1mLinking C shared library libstretch_web_teleop__rosidl_typesupport_introspection_c.so[0m
[ 58%] Built target ament_cmake_python_build_stretch_web_teleop_egg
[ 58%] Built target ament_cmake_python_build_stretch_web_teleop_helpers_egg
[ 58%] Built target stretch_web_teleop__rosidl_typesupport_introspection_c
[ 64%] [32mBuilding CXX object CMakeFiles/stretch_web_teleop__rosidl_typesupport_fastrtps_c.dir/rosidl_typesupport_fastrtps_c/stretch_web_teleop/msg/detail/text_to_speech__type_support_c.cpp.o[0m
[ 64%] [32mBuilding CXX object CMakeFiles/stretch_web_teleop__rosidl_typesupport_fastrtps_c.dir/rosidl_typesupport_fastrtps_c/stretch_web_teleop/action/detail/move_to_pregrasp__type_support_c.cpp.o[0m
[ 66%] [32m[1mLinking CXX shared library libstretch_web_teleop__rosidl_typesupport_introspection_cpp.so[0m
[ 69%] [32m[1mLinking CXX shared library libstretch_web_teleop__rosidl_typesupport_cpp.so[0m
[ 69%] Built target stretch_web_teleop__rosidl_typesupport_cpp
[ 71%] [32m[1mLinking CXX shared library libstretch_web_teleop__rosidl_typesupport_fastrtps_cpp.so[0m
[ 71%] Built target stretch_web_teleop__rosidl_typesupport_introspection_cpp
[ 71%] Built target stretch_web_teleop__rosidl_typesupport_fastrtps_cpp
[ 74%] [32m[1mLinking CXX shared library libstretch_web_teleop__rosidl_typesupport_fastrtps_c.so[0m
[ 74%] Built target stretch_web_teleop__rosidl_typesupport_fastrtps_c
[ 74%] Built target stretch_web_teleop
[ 76%] [34m[1mGenerating Python code for ROS interfaces[0m
[ 76%] Built target stretch_web_teleop__py
[ 79%] [32mBuilding C object CMakeFiles/stretch_web_teleop__rosidl_generator_py.dir/rosidl_generator_py/stretch_web_teleop/action/_move_to_pregrasp_s.c.o[0m
[ 82%] [32mBuilding C object CMakeFiles/stretch_web_teleop__rosidl_generator_py.dir/rosidl_generator_py/stretch_web_teleop/msg/_text_to_speech_s.c.o[0m
[ 84%] [32m[1mLinking C shared library rosidl_generator_py/stretch_web_teleop/libstretch_web_teleop__rosidl_generator_py.so[0m
[ 84%] Built target stretch_web_teleop__rosidl_generator_py
[ 87%] [32mBuilding C object CMakeFiles/stretch_web_teleop__rosidl_typesupport_c__pyext.dir/rosidl_generator_py/stretch_web_teleop/_stretch_web_teleop_s.ep.rosidl_typesupport_c.c.o[0m
[ 89%] [32mBuilding C object CMakeFiles/stretch_web_teleop__rosidl_typesupport_introspection_c__pyext.dir/rosidl_generator_py/stretch_web_teleop/_stretch_web_teleop_s.ep.rosidl_typesupport_introspection_c.c.o[0m
[ 92%] [32mBuilding C object CMakeFiles/stretch_web_teleop__rosidl_typesupport_fastrtps_c__pyext.dir/rosidl_generator_py/stretch_web_teleop/_stretch_web_teleop_s.ep.rosidl_typesupport_fastrtps_c.c.o[0m
[ 94%] [32m[1mLinking C shared library rosidl_generator_py/stretch_web_teleop/stretch_web_teleop_s__rosidl_typesupport_introspection_c.cpython-310-x86_64-linux-gnu.so[0m
[ 97%] [32m[1mLinking C shared library rosidl_generator_py/stretch_web_teleop/stretch_web_teleop_s__rosidl_typesupport_fastrtps_c.cpython-310-x86_64-linux-gnu.so[0m
[100%] [32m[1mLinking C shared library rosidl_generator_py/stretch_web_teleop/stretch_web_teleop_s__rosidl_typesupport_c.cpython-310-x86_64-linux-gnu.so[0m
[100%] Built target stretch_web_teleop__rosidl_typesupport_c__pyext
[100%] Built target stretch_web_teleop__rosidl_typesupport_fastrtps_c__pyext
[100%] Built target stretch_web_teleop__rosidl_typesupport_introspection_c__pyext
-- Install configuration: ""
-- Installing: /home/hello-robot/dev_ws/src/stretch_web_teleop/install/stretch_web_teleop/share/ament_index/resource_index/rosidl_interfaces/stretch_web_teleop
-- Installing: /home/hello-robot/dev_ws/src/stretch_web_teleop/install/stretch_web_teleop/include/stretch_web_teleop/stretch_web_teleop
-- Installing: /home/hello-robot/dev_ws/src/stretch_web_teleop/install/stretch_web_teleop/include/stretch_web_teleop/stretch_web_teleop/action
-- Installing: /home/hello-robot/dev_ws/src/stretch_web_teleop/install/stretch_web_teleop/include/stretch_web_teleop/stretch_web_teleop/action/move_to_pregrasp.h
-- Installing: /home/hello-robot/dev_ws/src/stretch_web_teleop/install/stretch_web_teleop/include/stretch_web_teleop/stretch_web_teleop/action/detail
-- Installing: /home/hello-robot/dev_ws/src/stretch_web_teleop/install/stretch_web_teleop/include/stretch_web_teleop/stretch_web_teleop/action/detail/move_to_pregrasp__type_support.h
-- Installing: /home/hello-robot/dev_ws/src/stretch_web_teleop/install/stretch_web_teleop/include/stretch_web_teleop/stretch_web_teleop/action/detail/move_to_pregrasp__functions.c
-- Installing: /home/hello-robot/dev_ws/src/stretch_web_teleop/install/stretch_web_teleop/include/stretch_web_teleop/stretch_web_teleop/action/detail/move_to_pregrasp__functions.h
-- Installing: /home/hello-robot/dev_ws/src/stretch_web_teleop/install/stretch_web_teleop/include/stretch_web_teleop/stretch_web_teleop/action/detail/move_to_pregrasp__struct.h
-- Installing: /home/hello-robot/dev_ws/src/stretch_web_teleop/install/stretch_web_teleop/include/stretch_web_teleop/stretch_web_teleop/msg
-- Installing: /home/hello-robot/dev_ws/src/stretch_web_teleop/install/stretch_web_teleop/include/stretch_web_teleop/stretch_web_teleop/msg/detail
-- Installing: /home/hello-robot/dev_ws/src/stretch_web_teleop/install/stretch_web_teleop/include/stretch_web_teleop/stretch_web_teleop/msg/detail/text_to_speech__struct.h
-- Installing: /home/hello-robot/dev_ws/src/stretch_web_teleop/install/stretch_web_teleop/include/stretch_web_teleop/stretch_web_teleop/msg/detail/text_to_speech__type_support.h
-- Installing: /home/hello-robot/dev_ws/src/stretch_web_teleop/install/stretch_web_teleop/include/stretch_web_teleop/stretch_web_teleop/msg/detail/text_to_speech__functions.h
-- Installing: /home/hello-robot/dev_ws/src/stretch_web_teleop/install/stretch_web_teleop/include/stretch_web_teleop/stretch_web_teleop/msg/detail/text_to_speech__functions.c
-- Installing: /home/hello-robot/dev_ws/src/stretch_web_teleop/install/stretch_web_teleop/include/stretch_web_teleop/stretch_web_teleop/msg/text_to_speech.h
-- Installing: /home/hello-robot/dev_ws/src/stretch_web_teleop/install/stretch_web_teleop/include/stretch_web_teleop/stretch_web_teleop/msg/rosidl_generator_c__visibility_control.h
-- Installing: /home/hello-robot/dev_ws/src/stretch_web_teleop/install/stretch_web_teleop/share/stretch_web_teleop/environment/library_path.sh
-- Installing: /home/hello-robot/dev_ws/src/stretch_web_teleop/install/stretch_web_teleop/share/stretch_web_teleop/environment/library_path.dsv
-- Installing: /home/hello-robot/dev_ws/src/stretch_web_teleop/install/stretch_web_teleop/lib/libstretch_web_teleop__rosidl_generator_c.so
-- Set runtime path of "/home/hello-robot/dev_ws/src/stretch_web_teleop/install/stretch_web_teleop/lib/libstretch_web_teleop__rosidl_generator_c.so" to ""
-- Up-to-date: /home/hello-robot/dev_ws/src/stretch_web_teleop/install/stretch_web_teleop/include/stretch_web_teleop/stretch_web_teleop
-- Up-to-date: /home/hello-robot/dev_ws/src/stretch_web_teleop/install/stretch_web_teleop/include/stretch_web_teleop/stretch_web_teleop/action
-- Up-to-date: /home/hello-robot/dev_ws/src/stretch_web_teleop/install/stretch_web_teleop/include/stretch_web_teleop/stretch_web_teleop/action/detail
-- Installing: /home/hello-robot/dev_ws/src/stretch_web_teleop/install/stretch_web_teleop/include/stretch_web_teleop/stretch_web_teleop/action/detail/move_to_pregrasp__rosidl_typesupport_fastrtps_c.h
-- Up-to-date: /home/hello-robot/dev_ws/src/stretch_web_teleop/install/stretch_web_teleop/include/stretch_web_teleop/stretch_web_teleop/msg
-- Installing: /home/hello-robot/dev_ws/src/stretch_web_teleop/install/stretch_web_teleop/include/stretch_web_teleop/stretch_web_teleop/msg/rosidl_typesupport_fastrtps_c__visibility_control.h
-- Up-to-date: /home/hello-robot/dev_ws/src/stretch_web_teleop/install/stretch_web_teleop/include/stretch_web_teleop/stretch_web_teleop/msg/detail
-- Installing: /home/hello-robot/dev_ws/src/stretch_web_teleop/install/stretch_web_teleop/include/stretch_web_teleop/stretch_web_teleop/msg/detail/text_to_speech__rosidl_typesupport_fastrtps_c.h
-- Installing: /home/hello-robot/dev_ws/src/stretch_web_teleop/install/stretch_web_teleop/lib/libstretch_web_teleop__rosidl_typesupport_fastrtps_c.so
-- Set runtime path of "/home/hello-robot/dev_ws/src/stretch_web_teleop/install/stretch_web_teleop/lib/libstretch_web_teleop__rosidl_typesupport_fastrtps_c.so" to ""
-- Up-to-date: /home/hello-robot/dev_ws/src/stretch_web_teleop/install/stretch_web_teleop/include/stretch_web_teleop/stretch_web_teleop
-- Up-to-date: /home/hello-robot/dev_ws/src/stretch_web_teleop/install/stretch_web_teleop/include/stretch_web_teleop/stretch_web_teleop/action
-- Up-to-date: /home/hello-robot/dev_ws/src/stretch_web_teleop/install/stretch_web_teleop/include/stretch_web_teleop/stretch_web_teleop/action/detail
-- Installing: /home/hello-robot/dev_ws/src/stretch_web_teleop/install/stretch_web_teleop/include/stretch_web_teleop/stretch_web_teleop/action/detail/move_to_pregrasp__type_support.hpp
-- Installing: /home/hello-robot/dev_ws/src/stretch_web_teleop/install/stretch_web_teleop/include/stretch_web_teleop/stretch_web_teleop/action/detail/move_to_pregrasp__struct.hpp
-- Installing: /home/hello-robot/dev_ws/src/stretch_web_teleop/install/stretch_web_teleop/include/stretch_web_teleop/stretch_web_teleop/action/detail/move_to_pregrasp__traits.hpp
-- Installing: /home/hello-robot/dev_ws/src/stretch_web_teleop/install/stretch_web_teleop/include/stretch_web_teleop/stretch_web_teleop/action/detail/move_to_pregrasp__builder.hpp
-- Installing: /home/hello-robot/dev_ws/src/stretch_web_teleop/install/stretch_web_teleop/include/stretch_web_teleop/stretch_web_teleop/action/move_to_pregrasp.hpp
-- Up-to-date: /home/hello-robot/dev_ws/src/stretch_web_teleop/install/stretch_web_teleop/include/stretch_web_teleop/stretch_web_teleop/msg
-- Up-to-date: /home/hello-robot/dev_ws/src/stretch_web_teleop/install/stretch_web_teleop/include/stretch_web_teleop/stretch_web_teleop/msg/detail
-- Installing: /home/hello-robot/dev_ws/src/stretch_web_teleop/install/stretch_web_teleop/include/stretch_web_teleop/stretch_web_teleop/msg/detail/text_to_speech__struct.hpp
-- Installing: /home/hello-robot/dev_ws/src/stretch_web_teleop/install/stretch_web_teleop/include/stretch_web_teleop/stretch_web_teleop/msg/detail/text_to_speech__builder.hpp
-- Installing: /home/hello-robot/dev_ws/src/stretch_web_teleop/install/stretch_web_teleop/include/stretch_web_teleop/stretch_web_teleop/msg/detail/text_to_speech__traits.hpp
-- Installing: /home/hello-robot/dev_ws/src/stretch_web_teleop/install/stretch_web_teleop/include/stretch_web_teleop/stretch_web_teleop/msg/detail/text_to_speech__type_support.hpp
-- Installing: /home/hello-robot/dev_ws/src/stretch_web_teleop/install/stretch_web_teleop/include/stretch_web_teleop/stretch_web_teleop/msg/text_to_speech.hpp
-- Installing: /home/hello-robot/dev_ws/src/stretch_web_teleop/install/stretch_web_teleop/include/stretch_web_teleop/stretch_web_teleop/msg/rosidl_generator_cpp__visibility_control.hpp
-- Up-to-date: /home/hello-robot/dev_ws/src/stretch_web_teleop/install/stretch_web_teleop/include/stretch_web_teleop/stretch_web_teleop
-- Up-to-date: /home/hello-robot/dev_ws/src/stretch_web_teleop/install/stretch_web_teleop/include/stretch_web_teleop/stretch_web_teleop/action
-- Up-to-date: /home/hello-robot/dev_ws/src/stretch_web_teleop/install/stretch_web_teleop/include/stretch_web_teleop/stretch_web_teleop/action/detail
-- Installing: /home/hello-robot/dev_ws/src/stretch_web_teleop/install/stretch_web_teleop/include/stretch_web_teleop/stretch_web_teleop/action/detail/dds_fastrtps
-- Installing: /home/hello-robot/dev_ws/src/stretch_web_teleop/install/stretch_web_teleop/include/stretch_web_teleop/stretch_web_teleop/action/detail/move_to_pregrasp__rosidl_typesupport_fastrtps_cpp.hpp
-- Up-to-date: /home/hello-robot/dev_ws/src/stretch_web_teleop/install/stretch_web_teleop/include/stretch_web_teleop/stretch_web_teleop/msg
-- Up-to-date: /home/hello-robot/dev_ws/src/stretch_web_teleop/install/stretch_web_teleop/include/stretch_web_teleop/stretch_web_teleop/msg/detail
-- Installing: /home/hello-robot/dev_ws/src/stretch_web_teleop/install/stretch_web_teleop/include/stretch_web_teleop/stretch_web_teleop/msg/detail/text_to_speech__rosidl_typesupport_fastrtps_cpp.hpp
-- Installing: /home/hello-robot/dev_ws/src/stretch_web_teleop/install/stretch_web_teleop/include/stretch_web_teleop/stretch_web_teleop/msg/detail/dds_fastrtps
-- Installing: /home/hello-robot/dev_ws/src/stretch_web_teleop/install/stretch_web_teleop/include/stretch_web_teleop/stretch_web_teleop/msg/rosidl_typesupport_fastrtps_cpp__visibility_control.h
-- Installing: /home/hello-robot/dev_ws/src/stretch_web_teleop/install/stretch_web_teleop/lib/libstretch_web_teleop__rosidl_typesupport_fastrtps_cpp.so
-- Set runtime path of "/home/hello-robot/dev_ws/src/stretch_web_teleop/install/stretch_web_teleop/lib/libstretch_web_teleop__rosidl_typesupport_fastrtps_cpp.so" to ""
-- Up-to-date: /home/hello-robot/dev_ws/src/stretch_web_teleop/install/stretch_web_teleop/include/stretch_web_teleop/stretch_web_teleop
-- Up-to-date: /home/hello-robot/dev_ws/src/stretch_web_teleop/install/stretch_web_teleop/include/stretch_web_teleop/stretch_web_teleop/action
-- Up-to-date: /home/hello-robot/dev_ws/src/stretch_web_teleop/install/stretch_web_teleop/include/stretch_web_teleop/stretch_web_teleop/action/detail
-- Installing: /home/hello-robot/dev_ws/src/stretch_web_teleop/install/stretch_web_teleop/include/stretch_web_teleop/stretch_web_teleop/action/detail/move_to_pregrasp__rosidl_typesupport_introspection_c.h
-- Installing: /home/hello-robot/dev_ws/src/stretch_web_teleop/install/stretch_web_teleop/include/stretch_web_teleop/stretch_web_teleop/action/detail/move_to_pregrasp__type_support.c
-- Up-to-date: /home/hello-robot/dev_ws/src/stretch_web_teleop/install/stretch_web_teleop/include/stretch_web_teleop/stretch_web_teleop/msg
-- Installing: /home/hello-robot/dev_ws/src/stretch_web_teleop/install/stretch_web_teleop/include/stretch_web_teleop/stretch_web_teleop/msg/rosidl_typesupport_introspection_c__visibility_control.h
-- Up-to-date: /home/hello-robot/dev_ws/src/stretch_web_teleop/install/stretch_web_teleop/include/stretch_web_teleop/stretch_web_teleop/msg/detail
-- Installing: /home/hello-robot/dev_ws/src/stretch_web_teleop/install/stretch_web_teleop/include/stretch_web_teleop/stretch_web_teleop/msg/detail/text_to_speech__type_support.c
-- Installing: /home/hello-robot/dev_ws/src/stretch_web_teleop/install/stretch_web_teleop/include/stretch_web_teleop/stretch_web_teleop/msg/detail/text_to_speech__rosidl_typesupport_introspection_c.h
-- Installing: /home/hello-robot/dev_ws/src/stretch_web_teleop/install/stretch_web_teleop/lib/libstretch_web_teleop__rosidl_typesupport_introspection_c.so
-- Set runtime path of "/home/hello-robot/dev_ws/src/stretch_web_teleop/install/stretch_web_teleop/lib/libstretch_web_teleop__rosidl_typesupport_introspection_c.so" to ""
-- Installing: /home/hello-robot/dev_ws/src/stretch_web_teleop/install/stretch_web_teleop/lib/libstretch_web_teleop__rosidl_typesupport_c.so
-- Set runtime path of "/home/hello-robot/dev_ws/src/stretch_web_teleop/install/stretch_web_teleop/lib/libstretch_web_teleop__rosidl_typesupport_c.so" to ""
-- Up-to-date: /home/hello-robot/dev_ws/src/stretch_web_teleop/install/stretch_web_teleop/include/stretch_web_teleop/stretch_web_teleop
-- Up-to-date: /home/hello-robot/dev_ws/src/stretch_web_teleop/install/stretch_web_teleop/include/stretch_web_teleop/stretch_web_teleop/action
-- Up-to-date: /home/hello-robot/dev_ws/src/stretch_web_teleop/install/stretch_web_teleop/include/stretch_web_teleop/stretch_web_teleop/action/detail
-- Installing: /home/hello-robot/dev_ws/src/stretch_web_teleop/install/stretch_web_teleop/include/stretch_web_teleop/stretch_web_teleop/action/detail/move_to_pregrasp__type_support.cpp
-- Installing: /home/hello-robot/dev_ws/src/stretch_web_teleop/install/stretch_web_teleop/include/stretch_web_teleop/stretch_web_teleop/action/detail/move_to_pregrasp__rosidl_typesupport_introspection_cpp.hpp
-- Up-to-date: /home/hello-robot/dev_ws/src/stretch_web_teleop/install/stretch_web_teleop/include/stretch_web_teleop/stretch_web_teleop/msg
-- Up-to-date: /home/hello-robot/dev_ws/src/stretch_web_teleop/install/stretch_web_teleop/include/stretch_web_teleop/stretch_web_teleop/msg/detail
-- Installing: /home/hello-robot/dev_ws/src/stretch_web_teleop/install/stretch_web_teleop/include/stretch_web_teleop/stretch_web_teleop/msg/detail/text_to_speech__type_support.cpp
-- Installing: /home/hello-robot/dev_ws/src/stretch_web_teleop/install/stretch_web_teleop/include/stretch_web_teleop/stretch_web_teleop/msg/detail/text_to_speech__rosidl_typesupport_introspection_cpp.hpp
-- Installing: /home/hello-robot/dev_ws/src/stretch_web_teleop/install/stretch_web_teleop/lib/libstretch_web_teleop__rosidl_typesupport_introspection_cpp.so
-- Set runtime path of "/home/hello-robot/dev_ws/src/stretch_web_teleop/install/stretch_web_teleop/lib/libstretch_web_teleop__rosidl_typesupport_introspection_cpp.so" to ""
-- Installing: /home/hello-robot/dev_ws/src/stretch_web_teleop/install/stretch_web_teleop/lib/libstretch_web_teleop__rosidl_typesupport_cpp.so
-- Set runtime path of "/home/hello-robot/dev_ws/src/stretch_web_teleop/install/stretch_web_teleop/lib/libstretch_web_teleop__rosidl_typesupport_cpp.so" to ""
-- Installing: /home/hello-robot/dev_ws/src/stretch_web_teleop/install/stretch_web_teleop/share/stretch_web_teleop/environment/pythonpath.sh
-- Installing: /home/hello-robot/dev_ws/src/stretch_web_teleop/install/stretch_web_teleop/share/stretch_web_teleop/environment/pythonpath.dsv
-- Installing: /home/hello-robot/dev_ws/src/stretch_web_teleop/install/stretch_web_teleop/local/lib/python3.10/dist-packages/stretch_web_teleop-0.1.0-py3.10.egg-info
-- Installing: /home/hello-robot/dev_ws/src/stretch_web_teleop/install/stretch_web_teleop/local/lib/python3.10/dist-packages/stretch_web_teleop-0.1.0-py3.10.egg-info/PKG-INFO
-- Installing: /home/hello-robot/dev_ws/src/stretch_web_teleop/install/stretch_web_teleop/local/lib/python3.10/dist-packages/stretch_web_teleop-0.1.0-py3.10.egg-info/top_level.txt
-- Installing: /home/hello-robot/dev_ws/src/stretch_web_teleop/install/stretch_web_teleop/local/lib/python3.10/dist-packages/stretch_web_teleop-0.1.0-py3.10.egg-info/SOURCES.txt
-- Installing: /home/hello-robot/dev_ws/src/stretch_web_teleop/install/stretch_web_teleop/local/lib/python3.10/dist-packages/stretch_web_teleop-0.1.0-py3.10.egg-info/dependency_links.txt
-- Installing: /home/hello-robot/dev_ws/src/stretch_web_teleop/install/stretch_web_teleop/local/lib/python3.10/dist-packages/stretch_web_teleop
-- Installing: /home/hello-robot/dev_ws/src/stretch_web_teleop/install/stretch_web_teleop/local/lib/python3.10/dist-packages/stretch_web_teleop/action
-- Installing: /home/hello-robot/dev_ws/src/stretch_web_teleop/install/stretch_web_teleop/local/lib/python3.10/dist-packages/stretch_web_teleop/action/_move_to_pregrasp.py
-- Installing: /home/hello-robot/dev_ws/src/stretch_web_teleop/install/stretch_web_teleop/local/lib/python3.10/dist-packages/stretch_web_teleop/action/__init__.py
-- Installing: /home/hello-robot/dev_ws/src/stretch_web_teleop/install/stretch_web_teleop/local/lib/python3.10/dist-packages/stretch_web_teleop/action/_move_to_pregrasp_s.c
-- Installing: /home/hello-robot/dev_ws/src/stretch_web_teleop/install/stretch_web_teleop/local/lib/python3.10/dist-packages/stretch_web_teleop/_stretch_web_teleop_s.ep.rosidl_typesupport_c.c
-- Installing: /home/hello-robot/dev_ws/src/stretch_web_teleop/install/stretch_web_teleop/local/lib/python3.10/dist-packages/stretch_web_teleop/msg
-- Installing: /home/hello-robot/dev_ws/src/stretch_web_teleop/install/stretch_web_teleop/local/lib/python3.10/dist-packages/stretch_web_teleop/msg/_text_to_speech_s.c
-- Installing: /home/hello-robot/dev_ws/src/stretch_web_teleop/install/stretch_web_teleop/local/lib/python3.10/dist-packages/stretch_web_teleop/msg/__init__.py
-- Installing: /home/hello-robot/dev_ws/src/stretch_web_teleop/install/stretch_web_teleop/local/lib/python3.10/dist-packages/stretch_web_teleop/msg/_text_to_speech.py
-- Installing: /home/hello-robot/dev_ws/src/stretch_web_teleop/install/stretch_web_teleop/local/lib/python3.10/dist-packages/stretch_web_teleop/__init__.py
-- Installing: /home/hello-robot/dev_ws/src/stretch_web_teleop/install/stretch_web_teleop/local/lib/python3.10/dist-packages/stretch_web_teleop/stretch_web_teleop_s__rosidl_typesupport_introspection_c.cpython-310-x86_64-linux-gnu.so
-- Installing: /home/hello-robot/dev_ws/src/stretch_web_teleop/install/stretch_web_teleop/local/lib/python3.10/dist-packages/stretch_web_teleop/stretch_web_teleop_s__rosidl_typesupport_fastrtps_c.cpython-310-x86_64-linux-gnu.so
-- Installing: /home/hello-robot/dev_ws/src/stretch_web_teleop/install/stretch_web_teleop/local/lib/python3.10/dist-packages/stretch_web_teleop/_stretch_web_teleop_s.ep.rosidl_typesupport_fastrtps_c.c
-- Installing: /home/hello-robot/dev_ws/src/stretch_web_teleop/install/stretch_web_teleop/local/lib/python3.10/dist-packages/stretch_web_teleop/_stretch_web_teleop_s.ep.rosidl_typesupport_introspection_c.c
-- Installing: /home/hello-robot/dev_ws/src/stretch_web_teleop/install/stretch_web_teleop/local/lib/python3.10/dist-packages/stretch_web_teleop/libstretch_web_teleop__rosidl_generator_py.so
-- Installing: /home/hello-robot/dev_ws/src/stretch_web_teleop/install/stretch_web_teleop/local/lib/python3.10/dist-packages/stretch_web_teleop/stretch_web_teleop_s__rosidl_typesupport_c.cpython-310-x86_64-linux-gnu.so
Listing '/home/hello-robot/dev_ws/src/stretch_web_teleop/install/stretch_web_teleop/local/lib/python3.10/dist-packages/stretch_web_teleop'...
Compiling '/home/hello-robot/dev_ws/src/stretch_web_teleop/install/stretch_web_teleop/local/lib/python3.10/dist-packages/stretch_web_teleop/__init__.py'...
Listing '/home/hello-robot/dev_ws/src/stretch_web_teleop/install/stretch_web_teleop/local/lib/python3.10/dist-packages/stretch_web_teleop/action'...
Compiling '/home/hello-robot/dev_ws/src/stretch_web_teleop/install/stretch_web_teleop/local/lib/python3.10/dist-packages/stretch_web_teleop/action/__init__.py'...
Compiling '/home/hello-robot/dev_ws/src/stretch_web_teleop/install/stretch_web_teleop/local/lib/python3.10/dist-packages/stretch_web_teleop/action/_move_to_pregrasp.py'...
Listing '/home/hello-robot/dev_ws/src/stretch_web_teleop/install/stretch_web_teleop/local/lib/python3.10/dist-packages/stretch_web_teleop/msg'...
Compiling '/home/hello-robot/dev_ws/src/stretch_web_teleop/install/stretch_web_teleop/local/lib/python3.10/dist-packages/stretch_web_teleop/msg/__init__.py'...
Compiling '/home/hello-robot/dev_ws/src/stretch_web_teleop/install/stretch_web_teleop/local/lib/python3.10/dist-packages/stretch_web_teleop/msg/_text_to_speech.py'...
-- Installing: /home/hello-robot/dev_ws/src/stretch_web_teleop/install/stretch_web_teleop/local/lib/python3.10/dist-packages/stretch_web_teleop/stretch_web_teleop_s__rosidl_typesupport_fastrtps_c.cpython-310-x86_64-linux-gnu.so
-- Set runtime path of "/home/hello-robot/dev_ws/src/stretch_web_teleop/install/stretch_web_teleop/local/lib/python3.10/dist-packages/stretch_web_teleop/stretch_web_teleop_s__rosidl_typesupport_fastrtps_c.cpython-310-x86_64-linux-gnu.so" to ""
-- Installing: /home/hello-robot/dev_ws/src/stretch_web_teleop/install/stretch_web_teleop/local/lib/python3.10/dist-packages/stretch_web_teleop/stretch_web_teleop_s__rosidl_typesupport_introspection_c.cpython-310-x86_64-linux-gnu.so
-- Set runtime path of "/home/hello-robot/dev_ws/src/stretch_web_teleop/install/stretch_web_teleop/local/lib/python3.10/dist-packages/stretch_web_teleop/stretch_web_teleop_s__rosidl_typesupport_introspection_c.cpython-310-x86_64-linux-gnu.so" to ""
-- Installing: /home/hello-robot/dev_ws/src/stretch_web_teleop/install/stretch_web_teleop/local/lib/python3.10/dist-packages/stretch_web_teleop/stretch_web_teleop_s__rosidl_typesupport_c.cpython-310-x86_64-linux-gnu.so
-- Set runtime path of "/home/hello-robot/dev_ws/src/stretch_web_teleop/install/stretch_web_teleop/local/lib/python3.10/dist-packages/stretch_web_teleop/stretch_web_teleop_s__rosidl_typesupport_c.cpython-310-x86_64-linux-gnu.so" to ""
-- Installing: /home/hello-robot/dev_ws/src/stretch_web_teleop/install/stretch_web_teleop/lib/libstretch_web_teleop__rosidl_generator_py.so
-- Set runtime path of "/home/hello-robot/dev_ws/src/stretch_web_teleop/install/stretch_web_teleop/lib/libstretch_web_teleop__rosidl_generator_py.so" to ""
-- Installing: /home/hello-robot/dev_ws/src/stretch_web_teleop/install/stretch_web_teleop/share/stretch_web_teleop/action/MoveToPregrasp.idl
-- Installing: /home/hello-robot/dev_ws/src/stretch_web_teleop/install/stretch_web_teleop/share/stretch_web_teleop/msg/TextToSpeech.idl
-- Installing: /home/hello-robot/dev_ws/src/stretch_web_teleop/install/stretch_web_teleop/share/stretch_web_teleop/action/MoveToPregrasp.action
-- Installing: /home/hello-robot/dev_ws/src/stretch_web_teleop/install/stretch_web_teleop/share/stretch_web_teleop/msg/TextToSpeech.msg
-- Installing: /home/hello-robot/dev_ws/src/stretch_web_teleop/install/stretch_web_teleop/local/lib/python3.10/dist-packages/stretch_web_teleop_helpers-0.1.0-py3.10.egg-info
-- Installing: /home/hello-robot/dev_ws/src/stretch_web_teleop/install/stretch_web_teleop/local/lib/python3.10/dist-packages/stretch_web_teleop_helpers-0.1.0-py3.10.egg-info/PKG-INFO
-- Installing: /home/hello-robot/dev_ws/src/stretch_web_teleop/install/stretch_web_teleop/local/lib/python3.10/dist-packages/stretch_web_teleop_helpers-0.1.0-py3.10.egg-info/top_level.txt
-- Installing: /home/hello-robot/dev_ws/src/stretch_web_teleop/install/stretch_web_teleop/local/lib/python3.10/dist-packages/stretch_web_teleop_helpers-0.1.0-py3.10.egg-info/SOURCES.txt
-- Installing: /home/hello-robot/dev_ws/src/stretch_web_teleop/install/stretch_web_teleop/local/lib/python3.10/dist-packages/stretch_web_teleop_helpers-0.1.0-py3.10.egg-info/dependency_links.txt
-- Installing: /home/hello-robot/dev_ws/src/stretch_web_teleop/install/stretch_web_teleop/local/lib/python3.10/dist-packages/stretch_web_teleop_helpers
-- Installing: /home/hello-robot/dev_ws/src/stretch_web_teleop/install/stretch_web_teleop/local/lib/python3.10/dist-packages/stretch_web_teleop_helpers/pinocchio_ik_solver.py
-- Installing: /home/hello-robot/dev_ws/src/stretch_web_teleop/install/stretch_web_teleop/local/lib/python3.10/dist-packages/stretch_web_teleop_helpers/stretch_ik_control.py
-- Installing: /home/hello-robot/dev_ws/src/stretch_web_teleop/install/stretch_web_teleop/local/lib/python3.10/dist-packages/stretch_web_teleop_helpers/move_to_pregrasp_state.py
-- Installing: /home/hello-robot/dev_ws/src/stretch_web_teleop/install/stretch_web_teleop/local/lib/python3.10/dist-packages/stretch_web_teleop_helpers/text_to_speech_helpers.py
-- Installing: /home/hello-robot/dev_ws/src/stretch_web_teleop/install/stretch_web_teleop/local/lib/python3.10/dist-packages/stretch_web_teleop_helpers/conversions.py
-- Installing: /home/hello-robot/dev_ws/src/stretch_web_teleop/install/stretch_web_teleop/local/lib/python3.10/dist-packages/stretch_web_teleop_helpers/__init__.py
-- Installing: /home/hello-robot/dev_ws/src/stretch_web_teleop/install/stretch_web_teleop/local/lib/python3.10/dist-packages/stretch_web_teleop_helpers/constants.py
Listing '/home/hello-robot/dev_ws/src/stretch_web_teleop/install/stretch_web_teleop/local/lib/python3.10/dist-packages/stretch_web_teleop_helpers'...
Compiling '/home/hello-robot/dev_ws/src/stretch_web_teleop/install/stretch_web_teleop/local/lib/python3.10/dist-packages/stretch_web_teleop_helpers/__init__.py'...
Compiling '/home/hello-robot/dev_ws/src/stretch_web_teleop/install/stretch_web_teleop/local/lib/python3.10/dist-packages/stretch_web_teleop_helpers/constants.py'...
Compiling '/home/hello-robot/dev_ws/src/stretch_web_teleop/install/stretch_web_teleop/local/lib/python3.10/dist-packages/stretch_web_teleop_helpers/conversions.py'...
Compiling '/home/hello-robot/dev_ws/src/stretch_web_teleop/install/stretch_web_teleop/local/lib/python3.10/dist-packages/stretch_web_teleop_helpers/move_to_pregrasp_state.py'...
Compiling '/home/hello-robot/dev_ws/src/stretch_web_teleop/install/stretch_web_teleop/local/lib/python3.10/dist-packages/stretch_web_teleop_helpers/pinocchio_ik_solver.py'...
Compiling '/home/hello-robot/dev_ws/src/stretch_web_teleop/install/stretch_web_teleop/local/lib/python3.10/dist-packages/stretch_web_teleop_helpers/stretch_ik_control.py'...
Compiling '/home/hello-robot/dev_ws/src/stretch_web_teleop/install/stretch_web_teleop/local/lib/python3.10/dist-packages/stretch_web_teleop_helpers/text_to_speech_helpers.py'...
-- Installing: /home/hello-robot/dev_ws/src/stretch_web_teleop/install/stretch_web_teleop/lib/stretch_web_teleop/compressed_image_visualizer.py
-- Installing: /home/hello-robot/dev_ws/src/stretch_web_teleop/install/stretch_web_teleop/lib/stretch_web_teleop/configure_video_streams.py
-- Installing: /home/hello-robot/dev_ws/src/stretch_web_teleop/install/stretch_web_teleop/lib/stretch_web_teleop/move_to_pregrasp.py
-- Installing: /home/hello-robot/dev_ws/src/stretch_web_teleop/install/stretch_web_teleop/lib/stretch_web_teleop/navigation_camera.py
-- Installing: /home/hello-robot/dev_ws/src/stretch_web_teleop/install/stretch_web_teleop/lib/stretch_web_teleop/text_to_speech.py
-- Installing: /home/hello-robot/dev_ws/src/stretch_web_teleop/install/stretch_web_teleop/lib/stretch_web_teleop/text_to_speech_ui.py
-- Installing: /home/hello-robot/dev_ws/src/stretch_web_teleop/install/stretch_web_teleop/share/stretch_web_teleop/launch
-- Installing: /home/hello-robot/dev_ws/src/stretch_web_teleop/install/stretch_web_teleop/share/stretch_web_teleop/launch/web_interface.launch.py
-- Installing: /home/hello-robot/dev_ws/src/stretch_web_teleop/install/stretch_web_teleop/share/stretch_web_teleop/launch/gripper_camera.launch.py
-- Installing: /home/hello-robot/dev_ws/src/stretch_web_teleop/install/stretch_web_teleop/share/stretch_web_teleop/launch/navigation_camera.launch.py
-- Installing: /home/hello-robot/dev_ws/src/stretch_web_teleop/install/stretch_web_teleop/share/stretch_web_teleop/launch/multi_camera.launch.py
-- Installing: /home/hello-robot/dev_ws/src/stretch_web_teleop/install/stretch_web_teleop/share/stretch_web_teleop/certificates
-- Installing: /home/hello-robot/dev_ws/src/stretch_web_teleop/install/stretch_web_teleop/share/stretch_web_teleop/certificates/.gitkeep
-- Installing: /home/hello-robot/dev_ws/src/stretch_web_teleop/install/stretch_web_teleop/share/stretch_web_teleop/nodes
-- Installing: /home/hello-robot/dev_ws/src/stretch_web_teleop/install/stretch_web_teleop/share/stretch_web_teleop/nodes/old_navigation_camera.py
-- Installing: /home/hello-robot/dev_ws/src/stretch_web_teleop/install/stretch_web_teleop/share/stretch_web_teleop/nodes/blank_image.png
-- Installing: /home/hello-robot/dev_ws/src/stretch_web_teleop/install/stretch_web_teleop/share/stretch_web_teleop/nodes/navigation_camera.py
-- Installing: /home/hello-robot/dev_ws/src/stretch_web_teleop/install/stretch_web_teleop/share/stretch_web_teleop/nodes/compressed_image_visualizer.py
-- Installing: /home/hello-robot/dev_ws/src/stretch_web_teleop/install/stretch_web_teleop/share/stretch_web_teleop/nodes/text_to_speech_ui.py
-- Installing: /home/hello-robot/dev_ws/src/stretch_web_teleop/install/stretch_web_teleop/share/stretch_web_teleop/nodes/move_to_pregrasp.py
-- Installing: /home/hello-robot/dev_ws/src/stretch_web_teleop/install/stretch_web_teleop/share/stretch_web_teleop/nodes/text_to_speech.py
-- Installing: /home/hello-robot/dev_ws/src/stretch_web_teleop/install/stretch_web_teleop/share/stretch_web_teleop/nodes/gripper_camera.py
-- Installing: /home/hello-robot/dev_ws/src/stretch_web_teleop/install/stretch_web_teleop/share/stretch_web_teleop/nodes/configure_video_streams.py
-- Installing: /home/hello-robot/dev_ws/src/stretch_web_teleop/install/stretch_web_teleop/share/stretch_web_teleop/config
-- Installing: /home/hello-robot/dev_ws/src/stretch_web_teleop/install/stretch_web_teleop/share/stretch_web_teleop/config/text_to_speech_ui_history.txt
-- Installing: /home/hello-robot/dev_ws/src/stretch_web_teleop/install/stretch_web_teleop/share/stretch_web_teleop/config/configure_video_streams_params.yaml
-- Installing: /home/hello-robot/dev_ws/src/stretch_web_teleop/install/stretch_web_teleop/share/stretch_web_teleop/maps
-- Installing: /home/hello-robot/dev_ws/src/stretch_web_teleop/install/stretch_web_teleop/share/stretch_web_teleop/maps/map.yaml
-- Installing: /home/hello-robot/dev_ws/src/stretch_web_teleop/install/stretch_web_teleop/share/stretch_web_teleop/maps/map.pgm
-- Installing: /home/hello-robot/dev_ws/src/stretch_web_teleop/install/stretch_web_teleop/share/ament_index/resource_index/package_run_dependencies/stretch_web_teleop
-- Installing: /home/hello-robot/dev_ws/src/stretch_web_teleop/install/stretch_web_teleop/share/ament_index/resource_index/parent_prefix_path/stretch_web_teleop
-- Installing: /home/hello-robot/dev_ws/src/stretch_web_teleop/install/stretch_web_teleop/share/stretch_web_teleop/environment/ament_prefix_path.sh
-- Installing: /home/hello-robot/dev_ws/src/stretch_web_teleop/install/stretch_web_teleop/share/stretch_web_teleop/environment/ament_prefix_path.dsv
-- Installing: /home/hello-robot/dev_ws/src/stretch_web_teleop/install/stretch_web_teleop/share/stretch_web_teleop/environment/path.sh
-- Installing: /home/hello-robot/dev_ws/src/stretch_web_teleop/install/stretch_web_teleop/share/stretch_web_teleop/environment/path.dsv
-- Installing: /home/hello-robot/dev_ws/src/stretch_web_teleop/install/stretch_web_teleop/share/stretch_web_teleop/local_setup.bash
-- Installing: /home/hello-robot/dev_ws/src/stretch_web_teleop/install/stretch_web_teleop/share/stretch_web_teleop/local_setup.sh
-- Installing: /home/hello-robot/dev_ws/src/stretch_web_teleop/install/stretch_web_teleop/share/stretch_web_teleop/local_setup.zsh
-- Installing: /home/hello-robot/dev_ws/src/stretch_web_teleop/install/stretch_web_teleop/share/stretch_web_teleop/local_setup.dsv
-- Installing: /home/hello-robot/dev_ws/src/stretch_web_teleop/install/stretch_web_teleop/share/stretch_web_teleop/package.dsv
-- Installing: /home/hello-robot/dev_ws/src/stretch_web_teleop/install/stretch_web_teleop/share/ament_index/resource_index/packages/stretch_web_teleop
-- Installing: /home/hello-robot/dev_ws/src/stretch_web_teleop/install/stretch_web_teleop/share/stretch_web_teleop/cmake/export_stretch_web_teleop__rosidl_generator_cExport.cmake
-- Installing: /home/hello-robot/dev_ws/src/stretch_web_teleop/install/stretch_web_teleop/share/stretch_web_teleop/cmake/export_stretch_web_teleop__rosidl_generator_cExport-noconfig.cmake
-- Installing: /home/hello-robot/dev_ws/src/stretch_web_teleop/install/stretch_web_teleop/share/stretch_web_teleop/cmake/export_stretch_web_teleop__rosidl_typesupport_fastrtps_cExport.cmake
-- Installing: /home/hello-robot/dev_ws/src/stretch_web_teleop/install/stretch_web_teleop/share/stretch_web_teleop/cmake/export_stretch_web_teleop__rosidl_typesupport_fastrtps_cExport-noconfig.cmake
-- Installing: /home/hello-robot/dev_ws/src/stretch_web_teleop/install/stretch_web_teleop/share/stretch_web_teleop/cmake/export_stretch_web_teleop__rosidl_generator_cppExport.cmake
-- Installing: /home/hello-robot/dev_ws/src/stretch_web_teleop/install/stretch_web_teleop/share/stretch_web_teleop/cmake/export_stretch_web_teleop__rosidl_typesupport_fastrtps_cppExport.cmake
-- Installing: /home/hello-robot/dev_ws/src/stretch_web_teleop/install/stretch_web_teleop/share/stretch_web_teleop/cmake/export_stretch_web_teleop__rosidl_typesupport_fastrtps_cppExport-noconfig.cmake
-- Installing: /home/hello-robot/dev_ws/src/stretch_web_teleop/install/stretch_web_teleop/share/stretch_web_teleop/cmake/stretch_web_teleop__rosidl_typesupport_introspection_cExport.cmake
-- Installing: /home/hello-robot/dev_ws/src/stretch_web_teleop/install/stretch_web_teleop/share/stretch_web_teleop/cmake/stretch_web_teleop__rosidl_typesupport_introspection_cExport-noconfig.cmake
-- Installing: /home/hello-robot/dev_ws/src/stretch_web_teleop/install/stretch_web_teleop/share/stretch_web_teleop/cmake/stretch_web_teleop__rosidl_typesupport_cExport.cmake
-- Installing: /home/hello-robot/dev_ws/src/stretch_web_teleop/install/stretch_web_teleop/share/stretch_web_teleop/cmake/stretch_web_teleop__rosidl_typesupport_cExport-noconfig.cmake
-- Installing: /home/hello-robot/dev_ws/src/stretch_web_teleop/install/stretch_web_teleop/share/stretch_web_teleop/cmake/stretch_web_teleop__rosidl_typesupport_introspection_cppExport.cmake
-- Installing: /home/hello-robot/dev_ws/src/stretch_web_teleop/install/stretch_web_teleop/share/stretch_web_teleop/cmake/stretch_web_teleop__rosidl_typesupport_introspection_cppExport-noconfig.cmake
-- Installing: /home/hello-robot/dev_ws/src/stretch_web_teleop/install/stretch_web_teleop/share/stretch_web_teleop/cmake/stretch_web_teleop__rosidl_typesupport_cppExport.cmake
-- Installing: /home/hello-robot/dev_ws/src/stretch_web_teleop/install/stretch_web_teleop/share/stretch_web_teleop/cmake/stretch_web_teleop__rosidl_typesupport_cppExport-noconfig.cmake
-- Installing: /home/hello-robot/dev_ws/src/stretch_web_teleop/install/stretch_web_teleop/share/stretch_web_teleop/cmake/export_stretch_web_teleop__rosidl_generator_pyExport.cmake
-- Installing: /home/hello-robot/dev_ws/src/stretch_web_teleop/install/stretch_web_teleop/share/stretch_web_teleop/cmake/export_stretch_web_teleop__rosidl_generator_pyExport-noconfig.cmake
-- Installing: /home/hello-robot/dev_ws/src/stretch_web_teleop/install/stretch_web_teleop/share/stretch_web_teleop/cmake/rosidl_cmake-extras.cmake
-- Installing: /home/hello-robot/dev_ws/src/stretch_web_teleop/install/stretch_web_teleop/share/stretch_web_teleop/cmake/ament_cmake_export_dependencies-extras.cmake
-- Installing: /home/hello-robot/dev_ws/src/stretch_web_teleop/install/stretch_web_teleop/share/stretch_web_teleop/cmake/ament_cmake_export_include_directories-extras.cmake
-- Installing: /home/hello-robot/dev_ws/src/stretch_web_teleop/install/stretch_web_teleop/share/stretch_web_teleop/cmake/ament_cmake_export_libraries-extras.cmake
-- Installing: /home/hello-robot/dev_ws/src/stretch_web_teleop/install/stretch_web_teleop/share/stretch_web_teleop/cmake/ament_cmake_export_targets-extras.cmake
-- Installing: /home/hello-robot/dev_ws/src/stretch_web_teleop/install/stretch_web_teleop/share/stretch_web_teleop/cmake/rosidl_cmake_export_typesupport_targets-extras.cmake
-- Installing: /home/hello-robot/dev_ws/src/stretch_web_teleop/install/stretch_web_teleop/share/stretch_web_teleop/cmake/rosidl_cmake_export_typesupport_libraries-extras.cmake
-- Installing: /home/hello-robot/dev_ws/src/stretch_web_teleop/install/stretch_web_teleop/share/stretch_web_teleop/cmake/stretch_web_teleopConfig.cmake
-- Installing: /home/hello-robot/dev_ws/src/stretch_web_teleop/install/stretch_web_teleop/share/stretch_web_teleop/cmake/stretch_web_teleopConfig-version.cmake
-- Installing: /home/hello-robot/dev_ws/src/stretch_web_teleop/install/stretch_web_teleop/share/stretch_web_teleop/package.xml
