[0.007s] Invoking command in '/home/hello-robot/ament_ws/src/stretch_web_teleop/build/stretch_web_teleop': CMAKE_PREFIX_PATH=${CMAKE_PREFIX_PATH}:/home/hello-robot/ament_ws/install/tf2_web_republisher_py:/home/hello-robot/ament_ws/install/stretch_ros_tutorials:/home/hello-robot/ament_ws/install/stretch_funmap:/home/hello-robot/ament_ws/install/stretch_calibration:/home/hello-robot/ament_ws/install/stretch_demos:/home/hello-robot/ament_ws/install/stretch_deep_perception:/home/hello-robot/ament_ws/install/stretch_core:/home/hello-robot/ament_ws/install/respeaker_ros2:/home/hello-robot/ament_ws/install/hello_helpers:/opt/ros/humble /usr/bin/cmake /home/hello-robot/ament_ws/src/stretch_web_teleop -DCMAKE_INSTALL_PREFIX=/home/hello-robot/ament_ws/src/stretch_web_teleop/install/stretch_web_teleop
[0.048s] -- The C compiler identification is GNU 11.4.0
[0.105s] -- The CXX compiler identification is GNU 11.4.0
[0.111s] -- Detecting C compiler ABI info
[0.163s] -- Detecting C compiler ABI info - done
[0.167s] -- Check for working C compiler: /usr/bin/cc - skipped
[0.168s] -- Detecting C compile features
[0.168s] -- Detecting C compile features - done
[0.170s] -- Detecting CXX compiler ABI info
[0.225s] -- Detecting CXX compiler ABI info - done
[0.229s] -- Check for working CXX compiler: /usr/bin/c++ - skipped
[0.229s] -- Detecting CXX compile features
[0.230s] -- Detecting CXX compile features - done
[0.233s] -- Found ament_cmake: 1.3.8 (/opt/ros/humble/share/ament_cmake/cmake)
[0.371s] -- Found Python3: /usr/bin/python3 (found version "3.10.12") found components: Interpreter 
[0.461s] -- Found rosbridge_server: 1.3.2 (/home/hello-robot/ament_ws/install/rosbridge_server/share/rosbridge_server/cmake)
[0.510s] -- Configuring done
[0.511s] -- Generating done
[0.512s] -- Build files have been written to: /home/hello-robot/ament_ws/src/stretch_web_teleop/build/stretch_web_teleop
[0.516s] Invoked command in '/home/hello-robot/ament_ws/src/stretch_web_teleop/build/stretch_web_teleop' returned '0': CMAKE_PREFIX_PATH=${CMAKE_PREFIX_PATH}:/home/hello-robot/ament_ws/install/tf2_web_republisher_py:/home/hello-robot/ament_ws/install/stretch_ros_tutorials:/home/hello-robot/ament_ws/install/stretch_funmap:/home/hello-robot/ament_ws/install/stretch_calibration:/home/hello-robot/ament_ws/install/stretch_demos:/home/hello-robot/ament_ws/install/stretch_deep_perception:/home/hello-robot/ament_ws/install/stretch_core:/home/hello-robot/ament_ws/install/respeaker_ros2:/home/hello-robot/ament_ws/install/hello_helpers:/opt/ros/humble /usr/bin/cmake /home/hello-robot/ament_ws/src/stretch_web_teleop -DCMAKE_INSTALL_PREFIX=/home/hello-robot/ament_ws/src/stretch_web_teleop/install/stretch_web_teleop
[0.517s] Invoking command in '/home/hello-robot/ament_ws/src/stretch_web_teleop/build/stretch_web_teleop': CMAKE_PREFIX_PATH=${CMAKE_PREFIX_PATH}:/home/hello-robot/ament_ws/install/tf2_web_republisher_py:/home/hello-robot/ament_ws/install/stretch_ros_tutorials:/home/hello-robot/ament_ws/install/stretch_funmap:/home/hello-robot/ament_ws/install/stretch_calibration:/home/hello-robot/ament_ws/install/stretch_demos:/home/hello-robot/ament_ws/install/stretch_deep_perception:/home/hello-robot/ament_ws/install/stretch_core:/home/hello-robot/ament_ws/install/respeaker_ros2:/home/hello-robot/ament_ws/install/hello_helpers:/opt/ros/humble /usr/bin/cmake --build /home/hello-robot/ament_ws/src/stretch_web_teleop/build/stretch_web_teleop -- -j16 -l16
[0.546s] Invoked command in '/home/hello-robot/ament_ws/src/stretch_web_teleop/build/stretch_web_teleop' returned '0': CMAKE_PREFIX_PATH=${CMAKE_PREFIX_PATH}:/home/hello-robot/ament_ws/install/tf2_web_republisher_py:/home/hello-robot/ament_ws/install/stretch_ros_tutorials:/home/hello-robot/ament_ws/install/stretch_funmap:/home/hello-robot/ament_ws/install/stretch_calibration:/home/hello-robot/ament_ws/install/stretch_demos:/home/hello-robot/ament_ws/install/stretch_deep_perception:/home/hello-robot/ament_ws/install/stretch_core:/home/hello-robot/ament_ws/install/respeaker_ros2:/home/hello-robot/ament_ws/install/hello_helpers:/opt/ros/humble /usr/bin/cmake --build /home/hello-robot/ament_ws/src/stretch_web_teleop/build/stretch_web_teleop -- -j16 -l16
[0.568s] Invoking command in '/home/hello-robot/ament_ws/src/stretch_web_teleop/build/stretch_web_teleop': CMAKE_PREFIX_PATH=${CMAKE_PREFIX_PATH}:/home/hello-robot/ament_ws/install/tf2_web_republisher_py:/home/hello-robot/ament_ws/install/stretch_ros_tutorials:/home/hello-robot/ament_ws/install/stretch_funmap:/home/hello-robot/ament_ws/install/stretch_calibration:/home/hello-robot/ament_ws/install/stretch_demos:/home/hello-robot/ament_ws/install/stretch_deep_perception:/home/hello-robot/ament_ws/install/stretch_core:/home/hello-robot/ament_ws/install/respeaker_ros2:/home/hello-robot/ament_ws/install/hello_helpers:/opt/ros/humble /usr/bin/cmake --install /home/hello-robot/ament_ws/src/stretch_web_teleop/build/stretch_web_teleop
[0.573s] -- Install configuration: ""
[0.573s] -- Installing: /home/hello-robot/ament_ws/src/stretch_web_teleop/install/stretch_web_teleop/lib/stretch_web_teleop/configure_video_streams.py
[0.573s] -- Installing: /home/hello-robot/ament_ws/src/stretch_web_teleop/install/stretch_web_teleop/lib/stretch_web_teleop/navigation_camera.py
[0.574s] -- Installing: /home/hello-robot/ament_ws/src/stretch_web_teleop/install/stretch_web_teleop/share/stretch_web_teleop/launch
[0.574s] -- Installing: /home/hello-robot/ament_ws/src/stretch_web_teleop/install/stretch_web_teleop/share/stretch_web_teleop/launch/navigation_camera.launch.py
[0.574s] -- Installing: /home/hello-robot/ament_ws/src/stretch_web_teleop/install/stretch_web_teleop/share/stretch_web_teleop/launch/gripper_camera.launch.py
[0.574s] -- Installing: /home/hello-robot/ament_ws/src/stretch_web_teleop/install/stretch_web_teleop/share/stretch_web_teleop/launch/web_interface.launch.py
[0.574s] -- Installing: /home/hello-robot/ament_ws/src/stretch_web_teleop/install/stretch_web_teleop/share/stretch_web_teleop/launch/multi_camera.launch.py
[0.574s] -- Installing: /home/hello-robot/ament_ws/src/stretch_web_teleop/install/stretch_web_teleop/share/stretch_web_teleop/certificates
[0.574s] -- Installing: /home/hello-robot/ament_ws/src/stretch_web_teleop/install/stretch_web_teleop/share/stretch_web_teleop/certificates/.gitkeep
[0.574s] -- Installing: /home/hello-robot/ament_ws/src/stretch_web_teleop/install/stretch_web_teleop/share/stretch_web_teleop/certificates/rootCA.pem
[0.574s] -- Installing: /home/hello-robot/ament_ws/src/stretch_web_teleop/install/stretch_web_teleop/share/stretch_web_teleop/certificates/stretch-se3-3031+6.pem
[0.574s] -- Installing: /home/hello-robot/ament_ws/src/stretch_web_teleop/install/stretch_web_teleop/share/stretch_web_teleop/certificates/stretch-se3-3031+6-key.pem
[0.574s] -- Installing: /home/hello-robot/ament_ws/src/stretch_web_teleop/install/stretch_web_teleop/share/stretch_web_teleop/certificates/rootCA-key.pem
[0.574s] -- Installing: /home/hello-robot/ament_ws/src/stretch_web_teleop/install/stretch_web_teleop/share/stretch_web_teleop/nodes
[0.575s] -- Installing: /home/hello-robot/ament_ws/src/stretch_web_teleop/install/stretch_web_teleop/share/stretch_web_teleop/nodes/configure_video_streams.py
[0.575s] -- Installing: /home/hello-robot/ament_ws/src/stretch_web_teleop/install/stretch_web_teleop/share/stretch_web_teleop/nodes/navigation_camera.py
[0.575s] -- Installing: /home/hello-robot/ament_ws/src/stretch_web_teleop/install/stretch_web_teleop/share/stretch_web_teleop/nodes/old_navigation_camera.py
[0.575s] -- Installing: /home/hello-robot/ament_ws/src/stretch_web_teleop/install/stretch_web_teleop/share/stretch_web_teleop/nodes/gripper_camera.py
[0.575s] -- Installing: /home/hello-robot/ament_ws/src/stretch_web_teleop/install/stretch_web_teleop/share/stretch_web_teleop/nodes/blank_image.png
[0.575s] -- Installing: /home/hello-robot/ament_ws/src/stretch_web_teleop/install/stretch_web_teleop/share/stretch_web_teleop/config
[0.575s] -- Installing: /home/hello-robot/ament_ws/src/stretch_web_teleop/install/stretch_web_teleop/share/stretch_web_teleop/config/configure_video_streams_params.yaml
[0.575s] -- Installing: /home/hello-robot/ament_ws/src/stretch_web_teleop/install/stretch_web_teleop/share/stretch_web_teleop/maps
[0.575s] -- Installing: /home/hello-robot/ament_ws/src/stretch_web_teleop/install/stretch_web_teleop/share/stretch_web_teleop/maps/map.pgm
[0.575s] -- Installing: /home/hello-robot/ament_ws/src/stretch_web_teleop/install/stretch_web_teleop/share/stretch_web_teleop/maps/map.yaml
[0.575s] -- Installing: /home/hello-robot/ament_ws/src/stretch_web_teleop/install/stretch_web_teleop/share/ament_index/resource_index/package_run_dependencies/stretch_web_teleop
[0.575s] -- Installing: /home/hello-robot/ament_ws/src/stretch_web_teleop/install/stretch_web_teleop/share/ament_index/resource_index/parent_prefix_path/stretch_web_teleop
[0.575s] -- Installing: /home/hello-robot/ament_ws/src/stretch_web_teleop/install/stretch_web_teleop/share/stretch_web_teleop/environment/ament_prefix_path.sh
[0.576s] -- Installing: /home/hello-robot/ament_ws/src/stretch_web_teleop/install/stretch_web_teleop/share/stretch_web_teleop/environment/ament_prefix_path.dsv
[0.576s] -- Installing: /home/hello-robot/ament_ws/src/stretch_web_teleop/install/stretch_web_teleop/share/stretch_web_teleop/environment/path.sh
[0.576s] -- Installing: /home/hello-robot/ament_ws/src/stretch_web_teleop/install/stretch_web_teleop/share/stretch_web_teleop/environment/path.dsv
[0.576s] -- Installing: /home/hello-robot/ament_ws/src/stretch_web_teleop/install/stretch_web_teleop/share/stretch_web_teleop/local_setup.bash
[0.576s] -- Installing: /home/hello-robot/ament_ws/src/stretch_web_teleop/install/stretch_web_teleop/share/stretch_web_teleop/local_setup.sh
[0.576s] -- Installing: /home/hello-robot/ament_ws/src/stretch_web_teleop/install/stretch_web_teleop/share/stretch_web_teleop/local_setup.zsh
[0.576s] -- Installing: /home/hello-robot/ament_ws/src/stretch_web_teleop/install/stretch_web_teleop/share/stretch_web_teleop/local_setup.dsv
[0.576s] -- Installing: /home/hello-robot/ament_ws/src/stretch_web_teleop/install/stretch_web_teleop/share/stretch_web_teleop/package.dsv
[0.576s] -- Installing: /home/hello-robot/ament_ws/src/stretch_web_teleop/install/stretch_web_teleop/share/ament_index/resource_index/packages/stretch_web_teleop
[0.576s] -- Installing: /home/hello-robot/ament_ws/src/stretch_web_teleop/install/stretch_web_teleop/share/stretch_web_teleop/cmake/stretch_web_teleopConfig.cmake
[0.576s] -- Installing: /home/hello-robot/ament_ws/src/stretch_web_teleop/install/stretch_web_teleop/share/stretch_web_teleop/cmake/stretch_web_teleopConfig-version.cmake
[0.576s] -- Installing: /home/hello-robot/ament_ws/src/stretch_web_teleop/install/stretch_web_teleop/share/stretch_web_teleop/package.xml
[0.577s] Invoked command in '/home/hello-robot/ament_ws/src/stretch_web_teleop/build/stretch_web_teleop' returned '0': CMAKE_PREFIX_PATH=${CMAKE_PREFIX_PATH}:/home/hello-robot/ament_ws/install/tf2_web_republisher_py:/home/hello-robot/ament_ws/install/stretch_ros_tutorials:/home/hello-robot/ament_ws/install/stretch_funmap:/home/hello-robot/ament_ws/install/stretch_calibration:/home/hello-robot/ament_ws/install/stretch_demos:/home/hello-robot/ament_ws/install/stretch_deep_perception:/home/hello-robot/ament_ws/install/stretch_core:/home/hello-robot/ament_ws/install/respeaker_ros2:/home/hello-robot/ament_ws/install/hello_helpers:/opt/ros/humble /usr/bin/cmake --install /home/hello-robot/ament_ws/src/stretch_web_teleop/build/stretch_web_teleop
