-- Install configuration: ""
-- Up-to-date: /home/hello-robot/ament_ws/src/stretch_web_teleop/install/stretch_web_teleop/lib/stretch_web_teleop/configure_video_streams.py
-- Up-to-date: /home/hello-robot/ament_ws/src/stretch_web_teleop/install/stretch_web_teleop/lib/stretch_web_teleop/navigation_camera.py
-- Up-to-date: /home/hello-robot/ament_ws/src/stretch_web_teleop/install/stretch_web_teleop/share/stretch_web_teleop/launch
-- Up-to-date: /home/hello-robot/ament_ws/src/stretch_web_teleop/install/stretch_web_teleop/share/stretch_web_teleop/launch/navigation_camera.launch.py
-- Up-to-date: /home/hello-robot/ament_ws/src/stretch_web_teleop/install/stretch_web_teleop/share/stretch_web_teleop/launch/gripper_camera.launch.py
-- Up-to-date: /home/hello-robot/ament_ws/src/stretch_web_teleop/install/stretch_web_teleop/share/stretch_web_teleop/launch/web_interface.launch.py
-- Up-to-date: /home/hello-robot/ament_ws/src/stretch_web_teleop/install/stretch_web_teleop/share/stretch_web_teleop/launch/multi_camera.launch.py
-- Up-to-date: /home/hello-robot/ament_ws/src/stretch_web_teleop/install/stretch_web_teleop/share/stretch_web_teleop/certificates
-- Up-to-date: /home/hello-robot/ament_ws/src/stretch_web_teleop/install/stretch_web_teleop/share/stretch_web_teleop/certificates/.gitkeep
-- Up-to-date: /home/hello-robot/ament_ws/src/stretch_web_teleop/install/stretch_web_teleop/share/stretch_web_teleop/certificates/rootCA.pem
-- Up-to-date: /home/hello-robot/ament_ws/src/stretch_web_teleop/install/stretch_web_teleop/share/stretch_web_teleop/certificates/stretch-se3-3031+6.pem
-- Up-to-date: /home/hello-robot/ament_ws/src/stretch_web_teleop/install/stretch_web_teleop/share/stretch_web_teleop/certificates/stretch-se3-3031+6-key.pem
-- Up-to-date: /home/hello-robot/ament_ws/src/stretch_web_teleop/install/stretch_web_teleop/share/stretch_web_teleop/certificates/rootCA-key.pem
-- Up-to-date: /home/hello-robot/ament_ws/src/stretch_web_teleop/install/stretch_web_teleop/share/stretch_web_teleop/nodes
-- Up-to-date: /home/hello-robot/ament_ws/src/stretch_web_teleop/install/stretch_web_teleop/share/stretch_web_teleop/nodes/configure_video_streams.py
-- Up-to-date: /home/hello-robot/ament_ws/src/stretch_web_teleop/install/stretch_web_teleop/share/stretch_web_teleop/nodes/navigation_camera.py
-- Up-to-date: /home/hello-robot/ament_ws/src/stretch_web_teleop/install/stretch_web_teleop/share/stretch_web_teleop/nodes/old_navigation_camera.py
-- Up-to-date: /home/hello-robot/ament_ws/src/stretch_web_teleop/install/stretch_web_teleop/share/stretch_web_teleop/nodes/gripper_camera.py
-- Up-to-date: /home/hello-robot/ament_ws/src/stretch_web_teleop/install/stretch_web_teleop/share/stretch_web_teleop/nodes/blank_image.png
-- Up-to-date: /home/hello-robot/ament_ws/src/stretch_web_teleop/install/stretch_web_teleop/share/stretch_web_teleop/config
-- Up-to-date: /home/hello-robot/ament_ws/src/stretch_web_teleop/install/stretch_web_teleop/share/stretch_web_teleop/config/configure_video_streams_params.yaml
-- Up-to-date: /home/hello-robot/ament_ws/src/stretch_web_teleop/install/stretch_web_teleop/share/stretch_web_teleop/maps
-- Up-to-date: /home/hello-robot/ament_ws/src/stretch_web_teleop/install/stretch_web_teleop/share/stretch_web_teleop/maps/map.pgm
-- Up-to-date: /home/hello-robot/ament_ws/src/stretch_web_teleop/install/stretch_web_teleop/share/stretch_web_teleop/maps/map.yaml
-- Up-to-date: /home/hello-robot/ament_ws/src/stretch_web_teleop/install/stretch_web_teleop/share/ament_index/resource_index/package_run_dependencies/stretch_web_teleop
-- Up-to-date: /home/hello-robot/ament_ws/src/stretch_web_teleop/install/stretch_web_teleop/share/ament_index/resource_index/parent_prefix_path/stretch_web_teleop
-- Up-to-date: /home/hello-robot/ament_ws/src/stretch_web_teleop/install/stretch_web_teleop/share/stretch_web_teleop/environment/ament_prefix_path.sh
-- Up-to-date: /home/hello-robot/ament_ws/src/stretch_web_teleop/install/stretch_web_teleop/share/stretch_web_teleop/environment/ament_prefix_path.dsv
-- Up-to-date: /home/hello-robot/ament_ws/src/stretch_web_teleop/install/stretch_web_teleop/share/stretch_web_teleop/environment/path.sh
-- Up-to-date: /home/hello-robot/ament_ws/src/stretch_web_teleop/install/stretch_web_teleop/share/stretch_web_teleop/environment/path.dsv
-- Up-to-date: /home/hello-robot/ament_ws/src/stretch_web_teleop/install/stretch_web_teleop/share/stretch_web_teleop/local_setup.bash
-- Up-to-date: /home/hello-robot/ament_ws/src/stretch_web_teleop/install/stretch_web_teleop/share/stretch_web_teleop/local_setup.sh
-- Up-to-date: /home/hello-robot/ament_ws/src/stretch_web_teleop/install/stretch_web_teleop/share/stretch_web_teleop/local_setup.zsh
-- Up-to-date: /home/hello-robot/ament_ws/src/stretch_web_teleop/install/stretch_web_teleop/share/stretch_web_teleop/local_setup.dsv
-- Up-to-date: /home/hello-robot/ament_ws/src/stretch_web_teleop/install/stretch_web_teleop/share/stretch_web_teleop/package.dsv
-- Up-to-date: /home/hello-robot/ament_ws/src/stretch_web_teleop/install/stretch_web_teleop/share/ament_index/resource_index/packages/stretch_web_teleop
-- Up-to-date: /home/hello-robot/ament_ws/src/stretch_web_teleop/install/stretch_web_teleop/share/stretch_web_teleop/cmake/stretch_web_teleopConfig.cmake
-- Up-to-date: /home/hello-robot/ament_ws/src/stretch_web_teleop/install/stretch_web_teleop/share/stretch_web_teleop/cmake/stretch_web_teleopConfig-version.cmake
-- Up-to-date: /home/hello-robot/ament_ws/src/stretch_web_teleop/install/stretch_web_teleop/share/stretch_web_teleop/package.xml
